<?xml version="1.0" encoding="UTF-8"?>
<!-- Generated by org.testng.reporters.JUnitXMLReporter -->
<testsuite ignored="0" hostname="DESKTOP-RHHH8GP" failures="0" tests="3" name="Default test" time="22.918" errors="0" timestamp="2024-08-05T02:09:46 IST">
  <testcase classname="org.fitPeo.TestCase" name="updatingTheTextField" time="0.607"/>
  <testcase classname="org.fitPeo.TestCase" name="validating_Text_value_and_slider_value" time="0.077"/>
  <testcase classname="org.fitPeo.TestCase" name="validate_Total_Recurring_Reimbursement" time="1.742"/>
</testsuite> <!-- Default test -->
