<?xml version="1.0" encoding="UTF-8"?>
<testng-results ignored="0" total="3" passed="3" failed="0" skipped="0">
  <reporter-output>
  </reporter-output>
  <suite started-at="2024-08-05T02:09:23 IST" name="Default suite" finished-at="2024-08-05T02:09:46 IST" duration-ms="22918">
    <groups>
    </groups>
    <test started-at="2024-08-05T02:09:23 IST" name="Default test" finished-at="2024-08-05T02:09:46 IST" duration-ms="22918">
      <class name="org.fitPeo.TestCase">
        <test-method is-config="true" signature="startup()[pri:0, instance:org.fitPeo.TestCase@5e0826e7]" started-at="2024-08-05T02:09:23 IST" name="startup" finished-at="2024-08-05T02:09:31 IST" duration-ms="7886" status="PASS">
          <reporter-output>
          </reporter-output>
        </test-method> <!-- startup -->
        <test-method signature="updatingTheTextField()[pri:1, instance:org.fitPeo.TestCase@5e0826e7]" started-at="2024-08-05T02:09:31 IST" name="updatingTheTextField" finished-at="2024-08-05T02:09:31 IST" duration-ms="607" status="PASS">
          <reporter-output>
          </reporter-output>
        </test-method> <!-- updatingTheTextField -->
        <test-method is-config="true" signature="quitBrowser()[pri:0, instance:org.fitPeo.TestCase@5e0826e7]" started-at="2024-08-05T02:09:31 IST" name="quitBrowser" finished-at="2024-08-05T02:09:32 IST" duration-ms="527" status="PASS">
          <reporter-output>
          </reporter-output>
        </test-method> <!-- quitBrowser -->
        <test-method is-config="true" signature="startup()[pri:0, instance:org.fitPeo.TestCase@5e0826e7]" started-at="2024-08-05T02:09:32 IST" name="startup" finished-at="2024-08-05T02:09:37 IST" duration-ms="5639" status="PASS">
          <reporter-output>
          </reporter-output>
        </test-method> <!-- startup -->
        <test-method signature="validating_Text_value_and_slider_value()[pri:2, instance:org.fitPeo.TestCase@5e0826e7]" started-at="2024-08-05T02:09:37 IST" name="validating_Text_value_and_slider_value" finished-at="2024-08-05T02:09:37 IST" duration-ms="77" status="PASS">
          <reporter-output>
          </reporter-output>
        </test-method> <!-- validating_Text_value_and_slider_value -->
        <test-method is-config="true" signature="quitBrowser()[pri:0, instance:org.fitPeo.TestCase@5e0826e7]" started-at="2024-08-05T02:09:37 IST" name="quitBrowser" finished-at="2024-08-05T02:09:38 IST" duration-ms="397" status="PASS">
          <reporter-output>
          </reporter-output>
        </test-method> <!-- quitBrowser -->
        <test-method is-config="true" signature="startup()[pri:0, instance:org.fitPeo.TestCase@5e0826e7]" started-at="2024-08-05T02:09:38 IST" name="startup" finished-at="2024-08-05T02:09:43 IST" duration-ms="5178" status="PASS">
          <reporter-output>
          </reporter-output>
        </test-method> <!-- startup -->
        <test-method signature="validate_Total_Recurring_Reimbursement()[pri:3, instance:org.fitPeo.TestCase@5e0826e7]" started-at="2024-08-05T02:09:43 IST" name="validate_Total_Recurring_Reimbursement" finished-at="2024-08-05T02:09:45 IST" duration-ms="1742" status="PASS">
          <reporter-output>
          </reporter-output>
        </test-method> <!-- validate_Total_Recurring_Reimbursement -->
        <test-method is-config="true" signature="quitBrowser()[pri:0, instance:org.fitPeo.TestCase@5e0826e7]" started-at="2024-08-05T02:09:45 IST" name="quitBrowser" finished-at="2024-08-05T02:09:46 IST" duration-ms="806" status="PASS">
          <reporter-output>
          </reporter-output>
        </test-method> <!-- quitBrowser -->
      </class> <!-- org.fitPeo.TestCase -->
    </test> <!-- Default test -->
  </suite> <!-- Default suite -->
</testng-results>
